Copyright 1986-2021 Xilinx, Inc. All Rights Reserved.
--------------------------------------------------------------------------------------------------------------------------------
| Tool Version : Vivado v.2021.2 (win64) Build 3367213 Tue Oct 19 02:48:09 MDT 2021
| Date         : Wed Apr 27 22:11:06 2022
| Host         : DESKTOP-S6T5VL6 running 64-bit major release  (build 9200)
| Command      : upgrade_project -migrate_output_products
| Project_Path : C:/DC_vivado_projects/PWM_waveform_generator2/PWM_waveform_generator2/PWM_waveform_generator2.xpr
--------------------------------------------------------------------------------------------------------------------------------

Project Status Summary

1. Project IP Status
--------------------
This project contains 0 IP and 1 Block Designs.


1.1 Project IP Instances
+----------------------------------------+-------------------------+-------------------------------------+-------------------------------------+
| Instance Name                          | Status                  | Reason                              | Recommendation                      |
+----------------------------------------+-------------------------+-------------------------------------+-------------------------------------+
| PWM_GENERATOR2_COUNTER_UpDw_14b_0_0    | Will be Migrated.       |                                     |                                     |
+----------------------------------------+-------------------------+-------------------------------------+-------------------------------------+
| PWM_GENERATOR2_DDS_GEN_0_0             | Will be Migrated.       |                                     |                                     |
+----------------------------------------+-------------------------+-------------------------------------+-------------------------------------+
| PWM_GENERATOR2_FREQ_MEASURE_0_0        | Will be Migrated.       |                                     |                                     |
+----------------------------------------+-------------------------+-------------------------------------+-------------------------------------+
| PWM_GENERATOR2_PWM_0_0                 | Will be Migrated.       |                                     |                                     |
+----------------------------------------+-------------------------+-------------------------------------+-------------------------------------+
| PWM_GENERATOR2_driver_7seg_4digits_0_0 | Will be Migrated.       |                                     |                                     |
+----------------------------------------+-------------------------+-------------------------------------+-------------------------------------+


1.2 Project Block Designs
+----------------+-------------------------+-------------------------------------+-------------------------------------+
| Design Name    | Status                  | Reason                              | Recommendation                      |
+----------------+-------------------------+-------------------------------------+-------------------------------------+
| PWM_GENERATOR2 | Will be Migrated.       |                                     |                                     |
+----------------+-------------------------+-------------------------------------+-------------------------------------+



